<?xml version="1.0" encoding="UTF-8"?>
<testng-results ignored="0" total="2" passed="2" failed="0" skipped="0">
  <reporter-output>
  </reporter-output>
  <suite started-at="2025-08-17T16:20:52 IST" name="Default suite" finished-at="2025-08-17T16:21:05 IST" duration-ms="12880">
    <groups>
    </groups>
    <test started-at="2025-08-17T16:20:52 IST" name="Default test" finished-at="2025-08-17T16:21:05 IST" duration-ms="12880">
      <class name="candy.TestClass1">
        <test-method is-config="true" signature="Browser()[pri:0, instance:candy.TestClass1@bae7dc0]" started-at="2025-08-17T16:20:52 IST" name="Browser" finished-at="2025-08-17T16:20:57 IST" duration-ms="4834" status="PASS">
          <reporter-output>
          </reporter-output>
        </test-method> <!-- Browser -->
        <test-method signature="VerifyTitle()[pri:1, instance:candy.TestClass1@bae7dc0]" started-at="2025-08-17T16:20:57 IST" name="VerifyTitle" finished-at="2025-08-17T16:20:57 IST" duration-ms="172" status="PASS">
          <reporter-output>
          </reporter-output>
        </test-method> <!-- VerifyTitle -->
        <test-method signature="VerifyContactUs()[pri:2, instance:candy.TestClass1@bae7dc0]" started-at="2025-08-17T16:20:57 IST" name="VerifyContactUs" finished-at="2025-08-17T16:21:05 IST" duration-ms="7582" status="PASS">
          <reporter-output>
          </reporter-output>
        </test-method> <!-- VerifyContactUs -->
        <test-method is-config="true" signature="CloseB()[pri:0, instance:candy.TestClass1@bae7dc0]" started-at="2025-08-17T16:21:05 IST" name="CloseB" finished-at="2025-08-17T16:21:05 IST" duration-ms="250" status="PASS">
          <reporter-output>
          </reporter-output>
        </test-method> <!-- CloseB -->
      </class> <!-- candy.TestClass1 -->
    </test> <!-- Default test -->
  </suite> <!-- Default suite -->
</testng-results>
