<?xml version="1.0" encoding="UTF-8"?>
<testng-results ignored="0" total="3" passed="3" failed="0" skipped="0">
  <reporter-output>
  </reporter-output>
  <suite started-at="2025-01-23T15:19:26 IST" name="Default suite" finished-at="2025-01-23T15:19:27 IST" duration-ms="605">
    <groups>
      <group name="cucumber">
        <method signature="AbstractTestNGCucumberTests.runScenario(io.cucumber.testng.PickleWrapper,io.cucumber.testng.FeatureWrapper)[pri:0, instance:runner.ScenarioOutline@5ab956d7]" name="runScenario" class="io.cucumber.testng.AbstractTestNGCucumberTests"/>
      </group> <!-- cucumber -->
    </groups>
    <test started-at="2025-01-23T15:19:26 IST" name="Default test" finished-at="2025-01-23T15:19:27 IST" duration-ms="605">
      <class name="runner.ScenarioOutline">
        <test-method is-config="true" signature="setUpClass(org.testng.ITestContext)[pri:0, instance:runner.ScenarioOutline@5ab956d7]" started-at="2025-01-23T15:19:26 IST" name="setUpClass" finished-at="2025-01-23T15:19:27 IST" duration-ms="380" status="PASS">
          <params>
            <param index="0">
              <value>
                <![CDATA[org.testng.TestRunner@482d776b]]>
              </value>
            </param>
          </params>
          <reporter-output>
          </reporter-output>
        </test-method> <!-- setUpClass -->
        <test-method signature="runScenario(io.cucumber.testng.PickleWrapper,io.cucumber.testng.FeatureWrapper)[pri:0, instance:runner.ScenarioOutline@5ab956d7]" started-at="2025-01-23T15:19:27 IST" name="runScenario" description="Runs Cucumber Scenarios" data-provider="scenarios" finished-at="2025-01-23T15:19:27 IST" duration-ms="97" status="PASS">
          <params>
            <param index="0">
              <value>
                <![CDATA["login to application"]]>
              </value>
            </param>
            <param index="1">
              <value>
                <![CDATA["login feature with Scenario outline"]]>
              </value>
            </param>
          </params>
          <reporter-output>
          </reporter-output>
        </test-method> <!-- runScenario -->
        <test-method signature="runScenario(io.cucumber.testng.PickleWrapper,io.cucumber.testng.FeatureWrapper)[pri:0, instance:runner.ScenarioOutline@5ab956d7]" started-at="2025-01-23T15:19:27 IST" name="runScenario" description="Runs Cucumber Scenarios" data-provider="scenarios" finished-at="2025-01-23T15:19:27 IST" duration-ms="17" status="PASS">
          <params>
            <param index="0">
              <value>
                <![CDATA["login to application"]]>
              </value>
            </param>
            <param index="1">
              <value>
                <![CDATA["login feature with Scenario outline"]]>
              </value>
            </param>
          </params>
          <reporter-output>
          </reporter-output>
        </test-method> <!-- runScenario -->
        <test-method signature="runScenario(io.cucumber.testng.PickleWrapper,io.cucumber.testng.FeatureWrapper)[pri:0, instance:runner.ScenarioOutline@5ab956d7]" started-at="2025-01-23T15:19:27 IST" name="runScenario" description="Runs Cucumber Scenarios" data-provider="scenarios" finished-at="2025-01-23T15:19:27 IST" duration-ms="12" status="PASS">
          <params>
            <param index="0">
              <value>
                <![CDATA["login to application"]]>
              </value>
            </param>
            <param index="1">
              <value>
                <![CDATA["login feature with Scenario outline"]]>
              </value>
            </param>
          </params>
          <reporter-output>
          </reporter-output>
        </test-method> <!-- runScenario -->
        <test-method is-config="true" signature="tearDownClass()[pri:0, instance:runner.ScenarioOutline@5ab956d7]" started-at="2025-01-23T15:19:27 IST" name="tearDownClass" finished-at="2025-01-23T15:19:27 IST" duration-ms="14" status="PASS">
          <reporter-output>
          </reporter-output>
        </test-method> <!-- tearDownClass -->
      </class> <!-- runner.ScenarioOutline -->
    </test> <!-- Default test -->
  </suite> <!-- Default suite -->
</testng-results>
