<?xml version="1.0" encoding="UTF-8"?>
<!-- Generated by org.testng.reporters.JUnitXMLReporter -->
<testsuite ignored="0" hostname="LAPTOP-3BML8FHO" failures="0" tests="5" name="chrome" time="27.423" errors="0" timestamp="2025-09-25T14:49:58 IST">
  <testcase classname="testClass.Test_Class" name="testvisibilityName" time="0.06"/>
  <testcase classname="testClass.Test_Class" name="testvisibilityEmail" time="0.039"/>
  <testcase classname="testClass.Test_Class" name="EnatrvalueName" time="0.122"/>
  <testcase classname="testClass.Test_Class" name="EnatrvalueEmail" time="0.058"/>
  <testcase classname="testClass.TestClass2" name="verifyRadioButton" time="0.228"/>
</testsuite> <!-- chrome -->
