<?xml version="1.0" encoding="UTF-8"?>
<!-- Generated by org.testng.reporters.JUnitXMLReporter -->
<testsuite ignored="0" hostname="LAPTOP-3BML8FHO" failures="0" tests="5" name="edge" time="28.293" errors="0" timestamp="2025-09-25T14:50:27 IST">
  <testcase classname="testClass.Test_Class" name="testvisibilityName" time="0.036"/>
  <testcase classname="testClass.Test_Class" name="testvisibilityEmail" time="0.024"/>
  <testcase classname="testClass.Test_Class" name="EnatrvalueName" time="0.108"/>
  <testcase classname="testClass.Test_Class" name="EnatrvalueEmail" time="0.046"/>
  <testcase classname="testClass.TestClass2" name="verifyRadioButton" time="0.19"/>
</testsuite> <!-- edge -->
