<?xml version="1.0" encoding="UTF-8"?>
<!-- Generated by org.testng.reporters.JUnitXMLReporter -->
<testsuite ignored="0" hostname="LAPTOP-3BML8FHO" failures="0" tests="5" name="Test" time="27.327" errors="0" timestamp="2025-09-10T16:58:04 IST">
  <testcase classname="testClass.Test_Class" name="testvisibilityName" time="11.017"/>
  <testcase classname="testClass.TestClass2" name="verifyRadioButton" time="0.362"/>
  <testcase classname="testClass.Test_Class" name="testvisibilityEmail" time="0.069"/>
  <testcase classname="testClass.Test_Class" name="EnatrvalueName" time="0.215"/>
  <testcase classname="testClass.Test_Class" name="EnatrvalueEmail" time="0.128"/>
</testsuite> <!-- Test -->
