<?xml version="1.0" encoding="UTF-8"?>
<!-- Generated by org.testng.reporters.JUnitXMLReporter -->
<testsuite ignored="0" hostname="LAPTOP-3BML8FHO" failures="0" tests="4" name="Default test" time="56.551" errors="0" timestamp="2024-12-24T14:21:28 IST">
  <testcase classname="Test.Suprime_CourtTest" name="casestatus" time="10.349"/>
  <testcase classname="Test.Suprime_CourtTest" name="diary" time="4.635"/>
  <testcase classname="Test.Suprime_CourtTest" name="Num" time="13.514"/>
  <testcase classname="Test.Suprime_CourtTest" name="clickOnSearch" time="25.25"/>
</testsuite> <!-- Default test -->
