<?xml version="1.0" encoding="UTF-8"?>
<testng-results ignored="0" total="1" passed="1" failed="0" skipped="0">
  <reporter-output>
  </reporter-output>
  <suite started-at="2025-01-22T13:55:11 IST" name="Default suite" finished-at="2025-01-22T13:55:41 IST" duration-ms="30327">
    <groups>
    </groups>
    <test started-at="2025-01-22T13:55:11 IST" name="Default test" finished-at="2025-01-22T13:55:41 IST" duration-ms="30327">
      <class name="ludo_POM.BaseClass">
        <test-method signature="OB()[pri:0, instance:ludo_POM.BaseClass@10feca44]" started-at="2025-01-22T13:55:11 IST" name="OB" finished-at="2025-01-22T13:55:41 IST" duration-ms="30285" status="PASS">
          <reporter-output>
          </reporter-output>
        </test-method> <!-- OB -->
      </class> <!-- ludo_POM.BaseClass -->
    </test> <!-- Default test -->
  </suite> <!-- Default suite -->
</testng-results>
