<?xml version="1.0" encoding="UTF-8"?>
<!-- Generated by org.testng.reporters.JUnitXMLReporter -->
<testsuite ignored="0" hostname="LAPTOP-3BML8FHO" failures="0" tests="3" name="Default test" time="77.505" errors="0" timestamp="2025-08-08T17:12:01 IST">
  <testcase classname="test.TestOnlyLogin" name="test" time="16.431"/>
  <testcase classname="test.TestOnlyLogin" name="test2" time="14.471"/>
  <testcase classname="test.TestOnlyLogin" name="test3" time="14.468"/>
</testsuite> <!-- Default test -->
