<?xml version="1.0" encoding="UTF-8"?>
<testng-results ignored="0" total="1" passed="1" failed="0" skipped="0">
  <reporter-output>
  </reporter-output>
  <suite started-at="2025-07-30T13:07:33 IST" name="Default suite" finished-at="2025-07-30T13:08:01 IST" duration-ms="27541">
    <groups>
    </groups>
    <test started-at="2025-07-30T13:07:33 IST" name="Default test" finished-at="2025-07-30T13:08:01 IST" duration-ms="27541">
      <class name="Swag_lab_Test.Swag_Labs_Testing">
        <test-method is-config="true" signature="Tc1()[pri:0, instance:Swag_lab_Test.Swag_Labs_Testing@52af26ee]" started-at="2025-07-30T13:07:33 IST" name="Tc1" finished-at="2025-07-30T13:07:52 IST" duration-ms="19040" status="PASS">
          <reporter-output>
          </reporter-output>
        </test-method> <!-- Tc1 -->
        <test-method is-config="true" signature="LogintoApplication()[pri:0, instance:Swag_lab_Test.Swag_Labs_Testing@52af26ee]" started-at="2025-07-30T13:07:52 IST" name="LogintoApplication" finished-at="2025-07-30T13:07:55 IST" duration-ms="2324" status="PASS">
          <reporter-output>
          </reporter-output>
        </test-method> <!-- LogintoApplication -->
        <test-method signature="verify_logo()[pri:0, instance:Swag_lab_Test.Swag_Labs_Testing@52af26ee]" started-at="2025-07-30T13:07:55 IST" name="verify_logo" finished-at="2025-07-30T13:07:56 IST" duration-ms="1541" status="PASS">
          <reporter-output>
          </reporter-output>
        </test-method> <!-- verify_logo -->
        <test-method is-config="true" signature="LogoutFromApp(org.testng.ITestResult)[pri:0, instance:Swag_lab_Test.Swag_Labs_Testing@52af26ee]" started-at="2025-07-30T13:07:56 IST" name="LogoutFromApp" finished-at="2025-07-30T13:08:00 IST" duration-ms="4272" status="PASS">
          <params>
            <param index="0">
              <value>
                <![CDATA[[TestResult name=verify_logo status=SUCCESS method=Swag_Labs_Testing.verify_logo()[pri:0, instance:Swag_lab_Test.Swag_Labs_Testing@52af26ee] output={null}]]]>
              </value>
            </param>
          </params>
          <reporter-output>
          </reporter-output>
        </test-method> <!-- LogoutFromApp -->
        <test-method is-config="true" signature="closeBrowser()[pri:0, instance:Swag_lab_Test.Swag_Labs_Testing@52af26ee]" started-at="2025-07-30T13:08:00 IST" name="closeBrowser" finished-at="2025-07-30T13:08:01 IST" duration-ms="327" status="PASS">
          <reporter-output>
          </reporter-output>
        </test-method> <!-- closeBrowser -->
      </class> <!-- Swag_lab_Test.Swag_Labs_Testing -->
    </test> <!-- Default test -->
  </suite> <!-- Default suite -->
</testng-results>
