<?xml version="1.0" encoding="UTF-8"?>
<testng-results ignored="0" total="1" passed="1" failed="0" skipped="0">
  <reporter-output>
  </reporter-output>
  <suite started-at="2025-08-19T14:45:15 IST" name="Default suite" finished-at="2025-08-19T14:45:32 IST" duration-ms="17224">
    <groups>
      <group name="cucumber">
        <method signature="AbstractTestNGCucumberTests.runScenario(io.cucumber.testng.PickleWrapper,io.cucumber.testng.FeatureWrapper)[pri:0, instance:Test.facebookrunner@4145bad8]" name="runScenario" class="io.cucumber.testng.AbstractTestNGCucumberTests"/>
      </group> <!-- cucumber -->
    </groups>
    <test started-at="2025-08-19T14:45:15 IST" name="Default test" finished-at="2025-08-19T14:45:32 IST" duration-ms="17224">
      <class name="Test.facebookrunner">
        <test-method is-config="true" signature="setUpClass(org.testng.ITestContext)[pri:0, instance:Test.facebookrunner@4145bad8]" started-at="2025-08-19T14:45:15 IST" name="setUpClass" finished-at="2025-08-19T14:45:15 IST" duration-ms="475" status="PASS">
          <params>
            <param index="0">
              <value>
                <![CDATA[org.testng.TestRunner@2a2dc0a]]>
              </value>
            </param>
          </params>
          <reporter-output>
          </reporter-output>
        </test-method> <!-- setUpClass -->
        <test-method signature="runScenario(io.cucumber.testng.PickleWrapper,io.cucumber.testng.FeatureWrapper)[pri:0, instance:Test.facebookrunner@4145bad8]" started-at="2025-08-19T14:45:15 IST" name="runScenario" description="Runs Cucumber Scenarios" data-provider="scenarios" finished-at="2025-08-19T14:45:32 IST" duration-ms="16638" status="PASS">
          <params>
            <param index="0">
              <value>
                <![CDATA["signup to application with different data"]]>
              </value>
            </param>
            <param index="1">
              <value>
                <![CDATA["Login"]]>
              </value>
            </param>
          </params>
          <reporter-output>
          </reporter-output>
        </test-method> <!-- runScenario -->
        <test-method is-config="true" signature="tearDownClass()[pri:0, instance:Test.facebookrunner@4145bad8]" started-at="2025-08-19T14:45:32 IST" name="tearDownClass" finished-at="2025-08-19T14:45:32 IST" duration-ms="82" status="PASS">
          <reporter-output>
          </reporter-output>
        </test-method> <!-- tearDownClass -->
      </class> <!-- Test.facebookrunner -->
    </test> <!-- Default test -->
  </suite> <!-- Default suite -->
</testng-results>
