<?xml version="1.0" encoding="UTF-8"?>
<!-- Generated by org.testng.reporters.JUnitXMLReporter -->
<testsuite ignored="0" hostname="LAPTOP-3BML8FHO" failures="0" tests="1" name="Test" time="0.194" errors="0" timestamp="2024-12-24T13:35:12 IST">
  <testcase classname="Test.Suprime_CourtTest" name="@BeforeTest casestatus" time="0.05">
    <failure type="java.lang.NullPointerException">
      <![CDATA[java.lang.NullPointerException
at Test.Suprime_CourtTest.casestatus(Suprime_CourtTest.java:35)
... Removed 28 stack frames]]>
    </failure>
  </testcase> <!-- @BeforeTest casestatus -->
  <testcase classname="Test.Suprime_CourtTest" name="@BeforeClass openb" time="0.0">
    <skipped/>
  </testcase> <!-- @BeforeClass openb -->
  <testcase classname="Test.Suprime_CourtTest" name="@AfterClass logout" time="0.0">
    <skipped/>
  </testcase> <!-- @AfterClass logout -->
  <testcase classname="Test.Suprime_CourtTest" name="@AfterTest Num" time="0.0">
    <skipped/>
  </testcase> <!-- @AfterTest Num -->
  <testcase classname="Test.Suprime_CourtTest" name="diary" time="0.0">
    <skipped/>
  </testcase> <!-- diary -->
</testsuite> <!-- Test -->
