<?xml version="1.0" encoding="UTF-8"?>
<testng-results ignored="0" total="3" passed="3" failed="0" skipped="0">
  <reporter-output>
  </reporter-output>
  <suite started-at="2025-08-08T17:10:43 IST" name="Default suite" finished-at="2025-08-08T17:12:01 IST" duration-ms="77505">
    <groups>
    </groups>
    <test started-at="2025-08-08T17:10:43 IST" name="Default test" finished-at="2025-08-08T17:12:01 IST" duration-ms="77505">
      <class name="test.TestOnlyLogin">
        <test-method is-config="true" signature="openb()[pri:0, instance:test.TestOnlyLogin@32b260fa]" started-at="2025-08-08T17:10:43 IST" name="openb" finished-at="2025-08-08T17:10:50 IST" duration-ms="6978" status="PASS">
          <reporter-output>
          </reporter-output>
        </test-method> <!-- openb -->
        <test-method signature="test()[pri:0, instance:test.TestOnlyLogin@32b260fa]" started-at="2025-08-08T17:10:50 IST" name="test" finished-at="2025-08-08T17:11:07 IST" duration-ms="16431" status="PASS">
          <reporter-output>
          </reporter-output>
        </test-method> <!-- test -->
        <test-method is-config="true" signature="close()[pri:0, instance:test.TestOnlyLogin@32b260fa]" started-at="2025-08-08T17:11:07 IST" name="close" finished-at="2025-08-08T17:11:09 IST" duration-ms="2176" status="PASS">
          <reporter-output>
          </reporter-output>
        </test-method> <!-- close -->
        <test-method is-config="true" signature="openb()[pri:0, instance:test.TestOnlyLogin@32b260fa]" started-at="2025-08-08T17:11:09 IST" name="openb" finished-at="2025-08-08T17:11:18 IST" duration-ms="9315" status="PASS">
          <reporter-output>
          </reporter-output>
        </test-method> <!-- openb -->
        <test-method signature="test2()[pri:0, instance:test.TestOnlyLogin@32b260fa]" started-at="2025-08-08T17:11:18 IST" name="test2" finished-at="2025-08-08T17:11:33 IST" duration-ms="14471" status="PASS">
          <reporter-output>
          </reporter-output>
        </test-method> <!-- test2 -->
        <test-method is-config="true" signature="close()[pri:0, instance:test.TestOnlyLogin@32b260fa]" started-at="2025-08-08T17:11:33 IST" name="close" finished-at="2025-08-08T17:11:35 IST" duration-ms="2172" status="PASS">
          <reporter-output>
          </reporter-output>
        </test-method> <!-- close -->
        <test-method is-config="true" signature="openb()[pri:0, instance:test.TestOnlyLogin@32b260fa]" started-at="2025-08-08T17:11:35 IST" name="openb" finished-at="2025-08-08T17:11:44 IST" duration-ms="9298" status="PASS">
          <reporter-output>
          </reporter-output>
        </test-method> <!-- openb -->
        <test-method signature="test3()[pri:0, instance:test.TestOnlyLogin@32b260fa]" started-at="2025-08-08T17:11:44 IST" name="test3" finished-at="2025-08-08T17:11:59 IST" duration-ms="14468" status="PASS">
          <reporter-output>
          </reporter-output>
        </test-method> <!-- test3 -->
        <test-method is-config="true" signature="close()[pri:0, instance:test.TestOnlyLogin@32b260fa]" started-at="2025-08-08T17:11:59 IST" name="close" finished-at="2025-08-08T17:12:01 IST" duration-ms="2153" status="PASS">
          <reporter-output>
          </reporter-output>
        </test-method> <!-- close -->
      </class> <!-- test.TestOnlyLogin -->
    </test> <!-- Default test -->
  </suite> <!-- Default suite -->
</testng-results>
